SLC4A1
HHATL
SLC38A5
ZIC2
MAGEC2
COL11A1
PITX1
CHAT
SLC12A3
SLC6A15
NMRK2
AFM
AQP6
TMPRSS11E
PVALB
ESRP1
AMH
TNNT1
CASP14
ATP6V0A4
KNG1
COL7A1
OTX1
TTR
NKX2-3
PAEP
PLG
PI3
NKX2-2
SLC34A1
BARX1
RHBG
RAB25
MYH8
CCNA1
CA1
KRT7
LECT1
IGF2BP3
ITPKA
FGF5
INHBE
ZIC5
CYP1A1
STAC2
PADI3
TMEM61
DQX1
AHSG
IGFBP1
ATP6V0D2
SLC22A8
KIRREL3
HMGA2
FXYD4
KCNJ1
TUBA3E
GPR110
HS3ST3A1
CXCL13
CLDN8
CILP2
BSND
LRRTM1
IGFN1
MFI2
SLC6A18
SLC30A8
EN2
SLC7A13
MAGEC3
GLB1L3
CLMP
PRR15L
AQP2
GGT6
KLK1
FAM83B
SHOX2
SFTPB
UMOD
KLF17
NIPAL4
DMRT2
SAA1
GOLGA6L2
KLK15
WFDC5
FKBP9P1
CPNE7
LINC01559
FDCSP
PSG9
C14orf180
TCEAL2
CLCNKB
NUPR1L
FOXI2
CIDEC
TCL6
SLC18A3
HEPACAM2
C10orf99
SBSN
L1CAM
IGLV3-19
IGLC7
IGHV1-69
TMEM213
RP11-95M15.2
RP11-554D15.1
AC007879.6
NFE4
LINC01436
APCDD1L-AS1
RP11-310H4.6
RP11-400N13.3
AC104654.2
CDC42P2
CITF22-24E5.1
TUBBP6
AC116614.1
RP11-440G9.1
AC003092.1
RP11-314M24.1
LINC00973
RP11-10O22.1
IGKV3-11
UGT1A10
LINC01187
LINC00942
TUNAR
RP11-161D15.1
RP11-150O12.1
RP11-586K2.1
RTL1
SAA2-SAA4
LINC00890
GOLGA6L7P
RP11-690G19.4
CTD-2008P7.9
AC006262.5
IGFL1P1
AC006262.4
RP11-425D17.2
RP4-568C11.4
RP11-54H7.4
RP13-895J2.6
RP5-984P4.6
RP11-643A5.3
